<?xml version="1.0" encoding="UTF-8"?>
<testsuite xmlns:xsi="http://www.w3.org/2001/XMLSchema-instance" xsi:noNamespaceSchemaLocation="https://maven.apache.org/surefire/maven-surefire-plugin/xsd/surefire-test-report.xsd" name="SorianaTest" time="4.33" tests="1" errors="0" skipped="0" failures="0">
  <properties>
    <property name="sun.desktop" value="gnome"/>
    <property name="awt.toolkit" value="sun.awt.X11.XToolkit"/>
    <property name="file.encoding.pkg" value="sun.io"/>
    <property name="java.specification.version" value="1.8"/>
    <property name="sun.cpu.isalist" value=""/>
    <property name="sun.jnu.encoding" value="UTF-8"/>
    <property name="java.class.path" value="/home/ccastillo/Documents/compras-scrapping/target/test-classes:/home/ccastillo/Documents/compras-scrapping/target/classes:/home/ccastillo/.m2/repository/com/amazonaws/aws-lambda-java-core/1.1.0/aws-lambda-java-core-1.1.0.jar:/home/ccastillo/.m2/repository/net/sourceforge/htmlunit/htmlunit/2.34.1/htmlunit-2.34.1.jar:/home/ccastillo/.m2/repository/xalan/xalan/2.7.2/xalan-2.7.2.jar:/home/ccastillo/.m2/repository/xalan/serializer/2.7.2/serializer-2.7.2.jar:/home/ccastillo/.m2/repository/org/apache/commons/commons-lang3/3.8.1/commons-lang3-3.8.1.jar:/home/ccastillo/.m2/repository/org/apache/commons/commons-text/1.6/commons-text-1.6.jar:/home/ccastillo/.m2/repository/org/apache/httpcomponents/httpmime/4.5.7/httpmime-4.5.7.jar:/home/ccastillo/.m2/repository/org/apache/httpcomponents/httpclient/4.5.7/httpclient-4.5.7.jar:/home/ccastillo/.m2/repository/org/apache/httpcomponents/httpcore/4.4.11/httpcore-4.4.11.jar:/home/ccastillo/.m2/repository/commons-codec/commons-codec/1.11/commons-codec-1.11.jar:/home/ccastillo/.m2/repository/net/sourceforge/htmlunit/htmlunit-core-js/2.34.0/htmlunit-core-js-2.34.0.jar:/home/ccastillo/.m2/repository/net/sourceforge/htmlunit/neko-htmlunit/2.34.0/neko-htmlunit-2.34.0.jar:/home/ccastillo/.m2/repository/xerces/xercesImpl/2.12.0/xercesImpl-2.12.0.jar:/home/ccastillo/.m2/repository/xml-apis/xml-apis/1.4.01/xml-apis-1.4.01.jar:/home/ccastillo/.m2/repository/net/sourceforge/htmlunit/htmlunit-cssparser/1.3.0/htmlunit-cssparser-1.3.0.jar:/home/ccastillo/.m2/repository/commons-io/commons-io/2.6/commons-io-2.6.jar:/home/ccastillo/.m2/repository/commons-logging/commons-logging/1.2/commons-logging-1.2.jar:/home/ccastillo/.m2/repository/commons-net/commons-net/3.6/commons-net-3.6.jar:/home/ccastillo/.m2/repository/org/eclipse/jetty/websocket/websocket-client/9.4.15.v20190215/websocket-client-9.4.15.v20190215.jar:/home/ccastillo/.m2/repository/org/eclipse/jetty/jetty-client/9.4.15.v20190215/jetty-client-9.4.15.v20190215.jar:/home/ccastillo/.m2/repository/org/eclipse/jetty/jetty-http/9.4.15.v20190215/jetty-http-9.4.15.v20190215.jar:/home/ccastillo/.m2/repository/org/eclipse/jetty/jetty-xml/9.4.15.v20190215/jetty-xml-9.4.15.v20190215.jar:/home/ccastillo/.m2/repository/org/eclipse/jetty/jetty-util/9.4.15.v20190215/jetty-util-9.4.15.v20190215.jar:/home/ccastillo/.m2/repository/org/eclipse/jetty/jetty-io/9.4.15.v20190215/jetty-io-9.4.15.v20190215.jar:/home/ccastillo/.m2/repository/org/eclipse/jetty/websocket/websocket-common/9.4.15.v20190215/websocket-common-9.4.15.v20190215.jar:/home/ccastillo/.m2/repository/org/eclipse/jetty/websocket/websocket-api/9.4.15.v20190215/websocket-api-9.4.15.v20190215.jar:/home/ccastillo/.m2/repository/com/googlecode/json-simple/json-simple/1.1/json-simple-1.1.jar:/home/ccastillo/.m2/repository/org/springframework/security/spring-security-crypto/3.1.0.RELEASE/spring-security-crypto-3.1.0.RELEASE.jar:/home/ccastillo/.m2/repository/org/springframework/spring-core/3.0.6.RELEASE/spring-core-3.0.6.RELEASE.jar:/home/ccastillo/.m2/repository/org/springframework/spring-asm/3.0.6.RELEASE/spring-asm-3.0.6.RELEASE.jar:/home/ccastillo/.m2/repository/org/junit/jupiter/junit-jupiter-engine/5.3.1/junit-jupiter-engine-5.3.1.jar:/home/ccastillo/.m2/repository/org/apiguardian/apiguardian-api/1.0.0/apiguardian-api-1.0.0.jar:/home/ccastillo/.m2/repository/org/junit/platform/junit-platform-engine/1.3.1/junit-platform-engine-1.3.1.jar:/home/ccastillo/.m2/repository/org/junit/platform/junit-platform-commons/1.3.1/junit-platform-commons-1.3.1.jar:/home/ccastillo/.m2/repository/org/opentest4j/opentest4j/1.1.1/opentest4j-1.1.1.jar:/home/ccastillo/.m2/repository/org/junit/jupiter/junit-jupiter-api/5.3.1/junit-jupiter-api-5.3.1.jar:/home/ccastillo/.m2/repository/org/junit/vintage/junit-vintage-engine/5.3.1/junit-vintage-engine-5.3.1.jar:/home/ccastillo/.m2/repository/junit/junit/4.12/junit-4.12.jar:/home/ccastillo/.m2/repository/org/hamcrest/hamcrest-core/1.3/hamcrest-core-1.3.jar:"/>
    <property name="java.vm.vendor" value="Oracle Corporation"/>
    <property name="sun.arch.data.model" value="64"/>
    <property name="java.vendor.url" value="http://java.oracle.com/"/>
    <property name="user.timezone" value=""/>
    <property name="java.vm.specification.version" value="1.8"/>
    <property name="os.name" value="Linux"/>
    <property name="user.country" value="US"/>
    <property name="sun.java.launcher" value="SUN_STANDARD"/>
    <property name="sun.boot.library.path" value="/usr/lib/jvm/java-8-oracle/jre/lib/amd64"/>
    <property name="sun.java.command" value="/home/ccastillo/Documents/compras-scrapping/target/surefire/surefirebooter2393668820831770760.jar /home/ccastillo/Documents/compras-scrapping/target/surefire 2019-05-01T14-02-26_708-jvmRun1 surefire274745305133351563tmp surefire_0986927990230187544tmp"/>
    <property name="surefire.test.class.path" value="/home/ccastillo/Documents/compras-scrapping/target/test-classes:/home/ccastillo/Documents/compras-scrapping/target/classes:/home/ccastillo/.m2/repository/com/amazonaws/aws-lambda-java-core/1.1.0/aws-lambda-java-core-1.1.0.jar:/home/ccastillo/.m2/repository/net/sourceforge/htmlunit/htmlunit/2.34.1/htmlunit-2.34.1.jar:/home/ccastillo/.m2/repository/xalan/xalan/2.7.2/xalan-2.7.2.jar:/home/ccastillo/.m2/repository/xalan/serializer/2.7.2/serializer-2.7.2.jar:/home/ccastillo/.m2/repository/org/apache/commons/commons-lang3/3.8.1/commons-lang3-3.8.1.jar:/home/ccastillo/.m2/repository/org/apache/commons/commons-text/1.6/commons-text-1.6.jar:/home/ccastillo/.m2/repository/org/apache/httpcomponents/httpmime/4.5.7/httpmime-4.5.7.jar:/home/ccastillo/.m2/repository/org/apache/httpcomponents/httpclient/4.5.7/httpclient-4.5.7.jar:/home/ccastillo/.m2/repository/org/apache/httpcomponents/httpcore/4.4.11/httpcore-4.4.11.jar:/home/ccastillo/.m2/repository/commons-codec/commons-codec/1.11/commons-codec-1.11.jar:/home/ccastillo/.m2/repository/net/sourceforge/htmlunit/htmlunit-core-js/2.34.0/htmlunit-core-js-2.34.0.jar:/home/ccastillo/.m2/repository/net/sourceforge/htmlunit/neko-htmlunit/2.34.0/neko-htmlunit-2.34.0.jar:/home/ccastillo/.m2/repository/xerces/xercesImpl/2.12.0/xercesImpl-2.12.0.jar:/home/ccastillo/.m2/repository/xml-apis/xml-apis/1.4.01/xml-apis-1.4.01.jar:/home/ccastillo/.m2/repository/net/sourceforge/htmlunit/htmlunit-cssparser/1.3.0/htmlunit-cssparser-1.3.0.jar:/home/ccastillo/.m2/repository/commons-io/commons-io/2.6/commons-io-2.6.jar:/home/ccastillo/.m2/repository/commons-logging/commons-logging/1.2/commons-logging-1.2.jar:/home/ccastillo/.m2/repository/commons-net/commons-net/3.6/commons-net-3.6.jar:/home/ccastillo/.m2/repository/org/eclipse/jetty/websocket/websocket-client/9.4.15.v20190215/websocket-client-9.4.15.v20190215.jar:/home/ccastillo/.m2/repository/org/eclipse/jetty/jetty-client/9.4.15.v20190215/jetty-client-9.4.15.v20190215.jar:/home/ccastillo/.m2/repository/org/eclipse/jetty/jetty-http/9.4.15.v20190215/jetty-http-9.4.15.v20190215.jar:/home/ccastillo/.m2/repository/org/eclipse/jetty/jetty-xml/9.4.15.v20190215/jetty-xml-9.4.15.v20190215.jar:/home/ccastillo/.m2/repository/org/eclipse/jetty/jetty-util/9.4.15.v20190215/jetty-util-9.4.15.v20190215.jar:/home/ccastillo/.m2/repository/org/eclipse/jetty/jetty-io/9.4.15.v20190215/jetty-io-9.4.15.v20190215.jar:/home/ccastillo/.m2/repository/org/eclipse/jetty/websocket/websocket-common/9.4.15.v20190215/websocket-common-9.4.15.v20190215.jar:/home/ccastillo/.m2/repository/org/eclipse/jetty/websocket/websocket-api/9.4.15.v20190215/websocket-api-9.4.15.v20190215.jar:/home/ccastillo/.m2/repository/com/googlecode/json-simple/json-simple/1.1/json-simple-1.1.jar:/home/ccastillo/.m2/repository/org/springframework/security/spring-security-crypto/3.1.0.RELEASE/spring-security-crypto-3.1.0.RELEASE.jar:/home/ccastillo/.m2/repository/org/springframework/spring-core/3.0.6.RELEASE/spring-core-3.0.6.RELEASE.jar:/home/ccastillo/.m2/repository/org/springframework/spring-asm/3.0.6.RELEASE/spring-asm-3.0.6.RELEASE.jar:/home/ccastillo/.m2/repository/org/junit/jupiter/junit-jupiter-engine/5.3.1/junit-jupiter-engine-5.3.1.jar:/home/ccastillo/.m2/repository/org/apiguardian/apiguardian-api/1.0.0/apiguardian-api-1.0.0.jar:/home/ccastillo/.m2/repository/org/junit/platform/junit-platform-engine/1.3.1/junit-platform-engine-1.3.1.jar:/home/ccastillo/.m2/repository/org/junit/platform/junit-platform-commons/1.3.1/junit-platform-commons-1.3.1.jar:/home/ccastillo/.m2/repository/org/opentest4j/opentest4j/1.1.1/opentest4j-1.1.1.jar:/home/ccastillo/.m2/repository/org/junit/jupiter/junit-jupiter-api/5.3.1/junit-jupiter-api-5.3.1.jar:/home/ccastillo/.m2/repository/org/junit/vintage/junit-vintage-engine/5.3.1/junit-vintage-engine-5.3.1.jar:/home/ccastillo/.m2/repository/junit/junit/4.12/junit-4.12.jar:/home/ccastillo/.m2/repository/org/hamcrest/hamcrest-core/1.3/hamcrest-core-1.3.jar:"/>
    <property name="sun.cpu.endian" value="little"/>
    <property name="user.home" value="/home/ccastillo"/>
    <property name="user.language" value="en"/>
    <property name="java.specification.vendor" value="Oracle Corporation"/>
    <property name="java.home" value="/usr/lib/jvm/java-8-oracle/jre"/>
    <property name="basedir" value="/home/ccastillo/Documents/compras-scrapping"/>
    <property name="file.separator" value="/"/>
    <property name="line.separator" value="&#10;"/>
    <property name="java.vm.specification.vendor" value="Oracle Corporation"/>
    <property name="java.specification.name" value="Java Platform API Specification"/>
    <property name="java.awt.graphicsenv" value="sun.awt.X11GraphicsEnvironment"/>
    <property name="surefire.real.class.path" value="/home/ccastillo/Documents/compras-scrapping/target/surefire/surefirebooter2393668820831770760.jar"/>
    <property name="sun.boot.class.path" value="/usr/lib/jvm/java-8-oracle/jre/lib/resources.jar:/usr/lib/jvm/java-8-oracle/jre/lib/rt.jar:/usr/lib/jvm/java-8-oracle/jre/lib/sunrsasign.jar:/usr/lib/jvm/java-8-oracle/jre/lib/jsse.jar:/usr/lib/jvm/java-8-oracle/jre/lib/jce.jar:/usr/lib/jvm/java-8-oracle/jre/lib/charsets.jar:/usr/lib/jvm/java-8-oracle/jre/lib/jfr.jar:/usr/lib/jvm/java-8-oracle/jre/classes"/>
    <property name="sun.management.compiler" value="HotSpot 64-Bit Tiered Compilers"/>
    <property name="java.runtime.version" value="1.8.0_201-b09"/>
    <property name="user.name" value="ccastillo"/>
    <property name="path.separator" value=":"/>
    <property name="os.version" value="4.15.0-48-generic"/>
    <property name="java.endorsed.dirs" value="/usr/lib/jvm/java-8-oracle/jre/lib/endorsed"/>
    <property name="java.runtime.name" value="Java(TM) SE Runtime Environment"/>
    <property name="file.encoding" value="UTF-8"/>
    <property name="java.vm.name" value="Java HotSpot(TM) 64-Bit Server VM"/>
    <property name="localRepository" value="/home/ccastillo/.m2/repository"/>
    <property name="java.vendor.url.bug" value="http://bugreport.sun.com/bugreport/"/>
    <property name="java.io.tmpdir" value="/tmp"/>
    <property name="java.version" value="1.8.0_201"/>
    <property name="user.dir" value="/home/ccastillo/Documents/compras-scrapping"/>
    <property name="os.arch" value="amd64"/>
    <property name="java.vm.specification.name" value="Java Virtual Machine Specification"/>
    <property name="java.awt.printerjob" value="sun.print.PSPrinterJob"/>
    <property name="sun.os.patch.level" value="unknown"/>
    <property name="java.library.path" value="/usr/java/packages/lib/amd64:/usr/lib64:/lib64:/lib:/usr/lib"/>
    <property name="java.vm.info" value="mixed mode"/>
    <property name="java.vendor" value="Oracle Corporation"/>
    <property name="java.vm.version" value="25.201-b09"/>
    <property name="java.ext.dirs" value="/usr/lib/jvm/java-8-oracle/jre/lib/ext:/usr/java/packages/lib/ext"/>
    <property name="sun.io.unicode.encoding" value="UnicodeLittle"/>
    <property name="java.class.version" value="52.0"/>
  </properties>
  <testcase name="method" classname="com.stage.api.ms.entity.SorianaTest" time="4.33"/>
</testsuite>